<?xml version="1.0" encoding="UTF-8"?>
<testsuite name="datadriven.UserDD" tests="1" skipped="0" failures="0" errors="0" timestamp="2021-09-11T18:21:54" hostname="DESKTOP-AA6F3VI" time="3.859">
  <properties/>
  <testcase name="incluirUser" classname="datadriven.UserDD" time="3.859"/>
  <system-out><![CDATA[Request method:	POST
Request URI:	https://petstore.swagger.io/v2/user
Proxy:			<none>
Request params:	<none>
Query params:	<none>
Form params:	<none>
Path params:	<none>
Headers:		Accept=*/*
				Content-Type=application/json; charset=UTF-8
Cookies:		<none>
Multiparts:		<none>
Body:
{
    "id": 102030,
    "username": "rcarmo",
    "firstName": "Ronaldo",
    "lastName": "do Carmo",
    "email": "ronaldokarmo@gmail.com",
    "password": "pwd1234",
    "phone": "11986013933",
    "userStatus": 0
}
HTTP/1.1 200 OK
Date: Sat, 11 Sep 2021 18:21:57 GMT
Content-Type: application/json
Transfer-Encoding: chunked
Connection: keep-alive
Access-Control-Allow-Origin: *
Access-Control-Allow-Methods: GET, POST, DELETE, PUT
Access-Control-Allow-Headers: Content-Type, api_key, Authorization
Server: Jetty(9.2.9.v20150224)

{
    "code": 200,
    "type": "unknown",
    "message": "102030"
}
usertId: 102030
]]></system-out>
  <system-err><![CDATA[]]></system-err>
</testsuite>
